2025-09-04 19:35:16,980 - ERROR - Missing Supabase credentials. Set SUPABASE_URL and SUPABASE_ANON_KEY environment variables.
2025-09-04 19:35:29,504 - INFO - HTTP Request: GET https://rqyosszhovyvjlexsabf.supabase.co/rest/v1/current_weather?select=%2A&limit=1 "HTTP/2 200 OK"
2025-09-04 19:35:30,366 - INFO - HTTP Request: GET https://rqyosszhovyvjlexsabf.supabase.co/rest/v1/weather_metadata?select=report_id&report_id=eq.IDV60920 "HTTP/2 200 OK"
2025-09-04 19:35:30,415 - INFO - HTTP Request: POST https://rqyosszhovyvjlexsabf.supabase.co/rest/v1/weather_metadata "HTTP/2 401 Unauthorized"
2025-09-04 19:35:30,505 - INFO - HTTP Request: GET https://rqyosszhovyvjlexsabf.supabase.co/rest/v1/weather_stations?select=bom_id&bom_id=in.%28086338%2C090182%2C077010%2C081123%2C086127%2C080023%2C083090%2C090015%2C086383%2C087184%2C085314%2C090180%2C083055%2C079028%2C079099%2C086104%2C081049%2C250136%2C089002%2C088164%2C090035%2C082170%2C086388%2C088166%2C089085%2C084084%2C086266%2C086282%2C085099%2C250137%2C089112%2C084150%2C080015%2C090184%2C088167%2C087168%2C090194%2C078015%2C084145%2C085151%2C090186%2C079100%2C079101%2C082138%2C086344%2C076031%2C086361%2C085096%2C090192%2C250132%2C087185%2C086371%2C086220%2C081125%2C088051%2C084144%2C083084%2C200838%2C080091%2C090176%2C082139%2C085291%2C079097%2C250138%2C086373%2C079105%2C079103%2C082039%2C250130%2C083024%2C087113%2C088162%2C250165%2C088110%2C077094%2C088023%2C076064%2C086077%2C078018%2C085313%2C083085%2C090171%2C250166%2C086038%2C084143%2C086376%2C087031%2C084016%2C087166%2C082042%2C086068%2C085279%2C085296%2C088043%2C081124%2C085280%2C080128%2C090175%2C090173%2C250139%2C088109%2C250134%2C084142%29 "HTTP/2 200 OK"
2025-09-04 19:35:30,562 - INFO - HTTP Request: POST https://rqyosszhovyvjlexsabf.supabase.co/rest/v1/weather_stations?columns=%22station_description%22%2C%22station_name%22%2C%22station_type%22%2C%22forecast_district_id%22%2C%22wmo_id%22%2C%22longitude%22%2C%22height_meters%22%2C%22bom_id%22%2C%22timezone%22%2C%22latitude%22 "HTTP/2 401 Unauthorized"
2025-09-04 19:35:30,658 - INFO - HTTP Request: POST https://rqyosszhovyvjlexsabf.supabase.co/rest/v1/weather_observations?on_conflict=bom_id%2Cobservation_time_utc&columns=%22max_gust_knots%22%2C%22max_gust_time_local%22%2C%22relative_humidity_percent%22%2C%22wmo_id%22%2C%22delta_t_celsius%22%2C%22wind_direction_degrees%22%2C%22station_pressure_hpa%22%2C%22visibility_km%22%2C%22apparent_temperature_celsius%22%2C%22min_temperature_time_local%22%2C%22observation_time_local%22%2C%22min_temperature_celsius%22%2C%22dew_point_celsius%22%2C%22max_gust_direction%22%2C%22qnh_pressure_hpa%22%2C%22wind_gust_kmh%22%2C%22max_temperature_time_utc%22%2C%22cloud_oktas%22%2C%22station_name%22%2C%22max_temperature_celsius%22%2C%22max_temperature_time_local%22%2C%22wind_speed_kmh%22%2C%22observation_time_utc%22%2C%22bom_id%22%2C%22wind_gust_knots%22%2C%22wind_speed_knots%22%2C%22max_gust_time_utc%22%2C%22rainfall_24hr_mm%22%2C%22min_temperature_time_utc%22%2C%22max_gust_kmh%22%2C%22wind_direction%22%2C%22temperature_celsius%22%2C%22sea_level_pressure_hpa%22%2C%22cloud_description%22%2C%22rainfall_10min_mm%22%2C%22rainfall_1hr_mm%22%2C%22rainfall_period_mm%22%2C%22wind_source%22 "HTTP/2 400 Bad Request"
2025-09-04 19:35:30,667 - INFO -   - Metadata: 0
2025-09-04 19:35:30,667 - INFO -   - Stations: 0
2025-09-04 19:35:30,667 - INFO -   - Observations: 0
2025-09-04 19:35:30,674 - INFO -   - Total runs: 1
2025-09-04 19:35:30,675 - INFO -   - Successful uploads: 1
2025-09-04 19:35:30,675 - INFO -   - Failed uploads: 0
2025-09-04 19:35:30,675 - INFO -   - Success rate: 100.0%
2025-09-04 19:35:30,675 - INFO -   - Last run: 2025-09-04 19:35:29
2025-09-04 19:35:30,676 - INFO -   - Last success: 2025-09-04 19:35:30
2025-09-04 19:48:30,334 - INFO - HTTP Request: GET https://rqyosszhovyvjlexsabf.supabase.co/rest/v1/current_weather?select=%2A&limit=1 "HTTP/2 200 OK"
2025-09-04 19:48:31,183 - INFO - HTTP Request: GET https://rqyosszhovyvjlexsabf.supabase.co/rest/v1/weather_metadata?select=report_id&report_id=eq.IDV60920 "HTTP/2 200 OK"
2025-09-04 19:48:31,277 - INFO - HTTP Request: POST https://rqyosszhovyvjlexsabf.supabase.co/rest/v1/weather_metadata "HTTP/2 401 Unauthorized"
2025-09-04 19:48:31,381 - INFO - HTTP Request: GET https://rqyosszhovyvjlexsabf.supabase.co/rest/v1/weather_stations?select=bom_id&bom_id=in.%28088043%2C079100%2C085279%2C086104%2C088051%2C084142%2C088110%2C089085%2C250134%2C079105%2C086344%2C090173%2C076031%2C081049%2C090180%2C086376%2C079099%2C083090%2C078015%2C079101%2C077010%2C076064%2C083055%2C087185%2C083084%2C077094%2C088167%2C086361%2C086371%2C087031%2C084016%2C082039%2C090184%2C086338%2C088109%2C086282%2C078018%2C080023%2C086068%2C085096%2C086388%2C085099%2C200838%2C087166%2C083085%2C085280%2C082170%2C084144%2C080091%2C090186%2C250130%2C088164%2C088162%2C250166%2C087168%2C086383%2C079028%2C250137%2C090192%2C080015%2C084150%2C080128%2C090194%2C090035%2C079103%2C250132%2C089002%2C250139%2C084143%2C090015%2C084145%2C085313%2C086373%2C082042%2C085296%2C250136%2C082139%2C081124%2C088023%2C090175%2C086038%2C088166%2C085151%2C086266%2C079097%2C081125%2C086220%2C090176%2C089112%2C087184%2C086127%2C086077%2C090171%2C250165%2C083024%2C084084%2C082138%2C085291%2C090182%2C085314%2C087113%2C081123%2C250138%29 "HTTP/2 200 OK"
2025-09-04 19:48:31,460 - INFO - HTTP Request: POST https://rqyosszhovyvjlexsabf.supabase.co/rest/v1/weather_stations?columns=%22wmo_id%22%2C%22station_type%22%2C%22station_description%22%2C%22bom_id%22%2C%22timezone%22%2C%22height_meters%22%2C%22station_name%22%2C%22latitude%22%2C%22longitude%22%2C%22forecast_district_id%22 "HTTP/2 401 Unauthorized"
2025-09-04 19:48:31,587 - INFO - HTTP Request: POST https://rqyosszhovyvjlexsabf.supabase.co/rest/v1/weather_observations?on_conflict=bom_id%2Cobservation_time_utc&columns=%22apparent_temperature_celsius%22%2C%22max_gust_time_utc%22%2C%22bom_id%22%2C%22max_temperature_time_local%22%2C%22rainfall_10min_mm%22%2C%22rainfall_period_mm%22%2C%22wind_direction_degrees%22%2C%22wind_speed_knots%22%2C%22max_gust_direction%22%2C%22max_gust_knots%22%2C%22wmo_id%22%2C%22max_gust_time_local%22%2C%22min_temperature_time_utc%22%2C%22cloud_description%22%2C%22min_temperature_time_local%22%2C%22wind_source%22%2C%22relative_humidity_percent%22%2C%22visibility_km%22%2C%22wind_gust_knots%22%2C%22wind_gust_kmh%22%2C%22observation_time_utc%22%2C%22rainfall_1hr_mm%22%2C%22min_temperature_celsius%22%2C%22dew_point_celsius%22%2C%22cloud_oktas%22%2C%22wind_speed_kmh%22%2C%22max_gust_kmh%22%2C%22observation_time_local%22%2C%22rainfall_24hr_mm%22%2C%22temperature_celsius%22%2C%22qnh_pressure_hpa%22%2C%22delta_t_celsius%22%2C%22station_pressure_hpa%22%2C%22max_temperature_celsius%22%2C%22max_temperature_time_utc%22%2C%22station_name%22%2C%22sea_level_pressure_hpa%22%2C%22wind_direction%22 "HTTP/2 400 Bad Request"
2025-09-04 19:48:31,592 - INFO -   - Metadata: 0
2025-09-04 19:48:31,592 - INFO -   - Stations: 0
2025-09-04 19:48:31,592 - INFO -   - Observations: 0
2025-09-04 19:48:31,596 - INFO -   - Total runs: 1
2025-09-04 19:48:31,597 - INFO -   - Successful uploads: 1
2025-09-04 19:48:31,597 - INFO -   - Failed uploads: 0
2025-09-04 19:48:31,597 - INFO -   - Success rate: 100.0%
2025-09-04 19:48:31,597 - INFO -   - Last run: 2025-09-04 19:48:30
2025-09-04 19:48:31,597 - INFO -   - Last success: 2025-09-04 19:48:31
